<?xml version="1.0" encoding="UTF-8"?>
<testng-results skipped="0" failed="0" ignored="0" total="1" passed="1">
  <reporter-output>
  </reporter-output>
  <suite name="Suite" duration-ms="14111" started-at="2018-09-24T08:26:37Z" finished-at="2018-09-24T08:26:51Z">
    <groups>
    </groups>
    <test name="Test" duration-ms="14111" started-at="2018-09-24T08:26:37Z" finished-at="2018-09-24T08:26:51Z">
      <class name="DOUBLECLICK">
        <test-method status="PASS" signature="start()[pri:0, instance:DOUBLECLICK@1d29cf23]" name="start" duration-ms="14077" started-at="2018-09-24T08:26:37Z" finished-at="2018-09-24T08:26:51Z">
          <reporter-output>
          </reporter-output>
        </test-method> <!-- start -->
      </class> <!-- DOUBLECLICK -->
    </test> <!-- Test -->
  </suite> <!-- Suite -->
</testng-results>
